[2026-03-19T12:57:28.590+0000] {local_task_job_runner.py:120} INFO - ::group::Pre task execution logs
[2026-03-19T12:57:28.655+0000] {taskinstance.py:2076} INFO - Dependencies all met for dep_context=non-requeueable deps ti=<TaskInstance: dbt_dag.run_bronze scheduled__2026-03-15T23:00:00+00:00 [queued]>
[2026-03-19T12:57:28.668+0000] {taskinstance.py:2076} INFO - Dependencies all met for dep_context=requeueable deps ti=<TaskInstance: dbt_dag.run_bronze scheduled__2026-03-15T23:00:00+00:00 [queued]>
[2026-03-19T12:57:28.670+0000] {taskinstance.py:2306} INFO - Starting attempt 1 of 1
[2026-03-19T12:57:28.693+0000] {taskinstance.py:2330} INFO - Executing <Task(_BashDecoratedOperator): run_bronze> on 2026-03-15 23:00:00+00:00
[2026-03-19T12:57:28.704+0000] {standard_task_runner.py:64} INFO - Started process 19075 to run task
[2026-03-19T12:57:28.709+0000] {standard_task_runner.py:90} INFO - Running: ['***', 'tasks', 'run', 'dbt_dag', 'run_bronze', 'scheduled__2026-03-15T23:00:00+00:00', '--job-id', '16', '--raw', '--subdir', 'DAGS_FOLDER/dbt_dag.py', '--cfg-path', '/tmp/tmpycwbw8vp']
[2026-03-19T12:57:28.713+0000] {standard_task_runner.py:91} INFO - Job 16: Subtask run_bronze
[2026-03-19T12:57:28.833+0000] {task_command.py:426} INFO - Running <TaskInstance: dbt_dag.run_bronze scheduled__2026-03-15T23:00:00+00:00 [running]> on host 09c0201b80c4
[2026-03-19T12:57:28.987+0000] {taskinstance.py:2648} INFO - Exporting env vars: AIRFLOW_CTX_DAG_OWNER='***' AIRFLOW_CTX_DAG_ID='dbt_dag' AIRFLOW_CTX_TASK_ID='run_bronze' AIRFLOW_CTX_EXECUTION_DATE='2026-03-15T23:00:00+00:00' AIRFLOW_CTX_TRY_NUMBER='1' AIRFLOW_CTX_DAG_RUN_ID='scheduled__2026-03-15T23:00:00+00:00'
[2026-03-19T12:57:28.989+0000] {taskinstance.py:430} INFO - ::endgroup::
[2026-03-19T12:57:29.042+0000] {subprocess.py:63} INFO - Tmp dir root location: /tmp
[2026-03-19T12:57:29.045+0000] {subprocess.py:75} INFO - Running command: ['/usr/bin/bash', '-c', '\n        cd C:\\Users\\Eswar\\real_time_stocks_mds\\dbt_stocks\\dbt_stocks && \n        dbt run --select bronze_stg_stock_quotes\n        ']
[2026-03-19T12:57:29.066+0000] {subprocess.py:86} INFO - Output:
[2026-03-19T12:57:29.070+0000] {subprocess.py:93} INFO - /usr/bin/bash: line 2: cd: C:UsersEswarreal_time_stocks_mdsdbt_stocksdbt_stocks: No such file or directory
[2026-03-19T12:57:29.071+0000] {subprocess.py:97} INFO - Command exited with return code 1
[2026-03-19T12:57:29.073+0000] {taskinstance.py:441} INFO - ::group::Post task execution logs
[2026-03-19T12:57:29.096+0000] {taskinstance.py:2905} ERROR - Task failed with exception
Traceback (most recent call last):
  File "/home/airflow/.local/lib/python3.12/site-packages/airflow/models/taskinstance.py", line 465, in _execute_task
    result = _execute_callable(context=context, **execute_callable_kwargs)
             ^^^^^^^^^^^^^^^^^^^^^^^^^^^^^^^^^^^^^^^^^^^^^^^^^^^^^^^^^^^^^
  File "/home/airflow/.local/lib/python3.12/site-packages/airflow/models/taskinstance.py", line 432, in _execute_callable
    return execute_callable(context=context, **execute_callable_kwargs)
           ^^^^^^^^^^^^^^^^^^^^^^^^^^^^^^^^^^^^^^^^^^^^^^^^^^^^^^^^^^^^
  File "/home/airflow/.local/lib/python3.12/site-packages/airflow/models/baseoperator.py", line 401, in wrapper
    return func(self, *args, **kwargs)
           ^^^^^^^^^^^^^^^^^^^^^^^^^^^
  File "/home/airflow/.local/lib/python3.12/site-packages/airflow/decorators/bash.py", line 81, in execute
    return super().execute(context)
           ^^^^^^^^^^^^^^^^^^^^^^^^
  File "/home/airflow/.local/lib/python3.12/site-packages/airflow/models/baseoperator.py", line 401, in wrapper
    return func(self, *args, **kwargs)
           ^^^^^^^^^^^^^^^^^^^^^^^^^^^
  File "/home/airflow/.local/lib/python3.12/site-packages/airflow/decorators/base.py", line 265, in execute
    return_value = super().execute(context)
                   ^^^^^^^^^^^^^^^^^^^^^^^^
  File "/home/airflow/.local/lib/python3.12/site-packages/airflow/models/baseoperator.py", line 401, in wrapper
    return func(self, *args, **kwargs)
           ^^^^^^^^^^^^^^^^^^^^^^^^^^^
  File "/home/airflow/.local/lib/python3.12/site-packages/airflow/operators/bash.py", line 243, in execute
    raise AirflowException(
airflow.exceptions.AirflowException: Bash command failed. The command returned a non-zero exit code 1.
[2026-03-19T12:57:29.105+0000] {taskinstance.py:1206} INFO - Marking task as FAILED. dag_id=dbt_dag, task_id=run_bronze, run_id=scheduled__2026-03-15T23:00:00+00:00, execution_date=20260315T230000, start_date=20260319T125728, end_date=20260319T125729
[2026-03-19T12:57:29.129+0000] {standard_task_runner.py:110} ERROR - Failed to execute job 16 for task run_bronze (Bash command failed. The command returned a non-zero exit code 1.; 19075)
[2026-03-19T12:57:29.170+0000] {local_task_job_runner.py:243} INFO - Task exited with return code 1
[2026-03-19T12:57:29.216+0000] {taskinstance.py:3503} INFO - 0 downstream tasks scheduled from follow-on schedule check
[2026-03-19T12:57:29.224+0000] {local_task_job_runner.py:222} INFO - ::endgroup::
