[2026-03-19T15:38:11.801+0000] {local_task_job_runner.py:120} INFO - ::group::Pre task execution logs
[2026-03-19T15:38:11.862+0000] {taskinstance.py:2076} INFO - Dependencies all met for dep_context=non-requeueable deps ti=<TaskInstance: dbt_dag.run_bronze manual__2026-03-19T15:38:06.513436+00:00 [queued]>
[2026-03-19T15:38:11.876+0000] {taskinstance.py:2076} INFO - Dependencies all met for dep_context=requeueable deps ti=<TaskInstance: dbt_dag.run_bronze manual__2026-03-19T15:38:06.513436+00:00 [queued]>
[2026-03-19T15:38:11.878+0000] {taskinstance.py:2306} INFO - Starting attempt 1 of 1
[2026-03-19T15:38:11.899+0000] {taskinstance.py:2330} INFO - Executing <Task(_BashDecoratedOperator): run_bronze> on 2026-03-19 15:38:06.513436+00:00
[2026-03-19T15:38:11.911+0000] {standard_task_runner.py:64} INFO - Started process 234 to run task
[2026-03-19T15:38:11.917+0000] {standard_task_runner.py:90} INFO - Running: ['***', 'tasks', 'run', 'dbt_dag', 'run_bronze', 'manual__2026-03-19T15:38:06.513436+00:00', '--job-id', '26', '--raw', '--subdir', 'DAGS_FOLDER/dbt_dag.py', '--cfg-path', '/tmp/tmpu4r7gql0']
[2026-03-19T15:38:11.922+0000] {standard_task_runner.py:91} INFO - Job 26: Subtask run_bronze
[2026-03-19T15:38:12.071+0000] {task_command.py:426} INFO - Running <TaskInstance: dbt_dag.run_bronze manual__2026-03-19T15:38:06.513436+00:00 [running]> on host 5d6273ff579a
[2026-03-19T15:38:12.260+0000] {taskinstance.py:2648} INFO - Exporting env vars: AIRFLOW_CTX_DAG_OWNER='***' AIRFLOW_CTX_DAG_ID='dbt_dag' AIRFLOW_CTX_TASK_ID='run_bronze' AIRFLOW_CTX_EXECUTION_DATE='2026-03-19T15:38:06.513436+00:00' AIRFLOW_CTX_TRY_NUMBER='1' AIRFLOW_CTX_DAG_RUN_ID='manual__2026-03-19T15:38:06.513436+00:00'
[2026-03-19T15:38:12.264+0000] {taskinstance.py:430} INFO - ::endgroup::
[2026-03-19T15:38:12.330+0000] {subprocess.py:63} INFO - Tmp dir root location: /tmp
[2026-03-19T15:38:12.333+0000] {subprocess.py:75} INFO - Running command: ['/usr/bin/bash', '-c', '\n        cd /opt/***/dbt/dbt_stocks && \n        dbt run --select bronze_stg_stock_quotes\n        ']
[2026-03-19T15:38:12.355+0000] {subprocess.py:86} INFO - Output:
[2026-03-19T15:38:17.044+0000] {subprocess.py:93} INFO - [0m15:38:17  Running with dbt=1.11.7
[2026-03-19T15:38:18.599+0000] {subprocess.py:93} INFO - [0m15:38:18  [[33mWARNING[0m][MissingPlusPrefixDeprecation]: Deprecated functionality
[2026-03-19T15:38:18.600+0000] {subprocess.py:93} INFO - Missing '+' prefix on `schema` found at `dbt_stocks.bronze.schema` in file
[2026-03-19T15:38:18.601+0000] {subprocess.py:93} INFO - `/opt/***/dbt/dbt_stocks/dbt_project.yml`. Hierarchical config values
[2026-03-19T15:38:18.602+0000] {subprocess.py:93} INFO - without a '+' prefix are deprecated in dbt_project.yml.
[2026-03-19T15:38:19.063+0000] {subprocess.py:93} INFO - [0m15:38:19  Registered adapter: snowflake=1.11.3
[2026-03-19T15:38:19.631+0000] {subprocess.py:93} INFO - [0m15:38:19  Unable to do partial parsing because profile has changed
[2026-03-19T15:38:23.092+0000] {subprocess.py:93} INFO - [0m15:38:23  Found 5 models, 1 source, 523 macros
[2026-03-19T15:38:23.099+0000] {subprocess.py:93} INFO - [0m15:38:23
[2026-03-19T15:38:23.101+0000] {subprocess.py:93} INFO - [0m15:38:23  Concurrency: 1 threads (target='dev')
[2026-03-19T15:38:23.104+0000] {subprocess.py:93} INFO - [0m15:38:23
[2026-03-19T15:38:25.169+0000] {subprocess.py:93} INFO - [0m15:38:25  1 of 1 START sql table model bronze.bronze_stg_stock_quotes .................... [RUN]
[2026-03-19T15:38:26.646+0000] {subprocess.py:93} INFO - [0m15:38:26  1 of 1 OK created sql table model bronze.bronze_stg_stock_quotes ............... [[32mSUCCESS 1000[0m in 1.47s]
[2026-03-19T15:38:26.768+0000] {subprocess.py:93} INFO - [0m15:38:26
[2026-03-19T15:38:26.771+0000] {subprocess.py:93} INFO - [0m15:38:26  Finished running 1 table model in 0 hours 0 minutes and 3.66 seconds (3.66s).
[2026-03-19T15:38:26.901+0000] {subprocess.py:93} INFO - [0m15:38:26
[2026-03-19T15:38:26.903+0000] {subprocess.py:93} INFO - [0m15:38:26  [32mCompleted successfully[0m
[2026-03-19T15:38:26.905+0000] {subprocess.py:93} INFO - [0m15:38:26
[2026-03-19T15:38:26.907+0000] {subprocess.py:93} INFO - [0m15:38:26  Done. PASS=1 WARN=0 ERROR=0 SKIP=0 NO-OP=0 TOTAL=1
[2026-03-19T15:38:26.910+0000] {subprocess.py:93} INFO - [0m15:38:26  [[33mWARNING[0m][DeprecationsSummary]: Deprecated functionality
[2026-03-19T15:38:26.910+0000] {subprocess.py:93} INFO - Summary of encountered deprecations:
[2026-03-19T15:38:26.911+0000] {subprocess.py:93} INFO - - MissingPlusPrefixDeprecation: 3 occurrences
[2026-03-19T15:38:26.912+0000] {subprocess.py:93} INFO - To see all deprecation instances instead of just the first occurrence of each,
[2026-03-19T15:38:26.913+0000] {subprocess.py:93} INFO - run command again with the `--show-all-deprecations` flag. You may also need to
[2026-03-19T15:38:26.913+0000] {subprocess.py:93} INFO - run with `--no-partial-parse` as some deprecations are only encountered during
[2026-03-19T15:38:26.914+0000] {subprocess.py:93} INFO - parsing.
[2026-03-19T15:38:28.247+0000] {subprocess.py:97} INFO - Command exited with return code 0
[2026-03-19T15:38:28.249+0000] {taskinstance.py:441} INFO - ::group::Post task execution logs
[2026-03-19T15:38:28.316+0000] {taskinstance.py:1206} INFO - Marking task as SUCCESS. dag_id=dbt_dag, task_id=run_bronze, run_id=manual__2026-03-19T15:38:06.513436+00:00, execution_date=20260319T153806, start_date=20260319T153811, end_date=20260319T153828
[2026-03-19T15:38:28.394+0000] {local_task_job_runner.py:243} INFO - Task exited with return code 0
[2026-03-19T15:38:28.451+0000] {taskinstance.py:3503} INFO - 1 downstream tasks scheduled from follow-on schedule check
[2026-03-19T15:38:28.454+0000] {local_task_job_runner.py:222} INFO - ::endgroup::
