[2026-03-19T15:38:54.483+0000] {local_task_job_runner.py:120} INFO - ::group::Pre task execution logs
[2026-03-19T15:38:54.545+0000] {taskinstance.py:2076} INFO - Dependencies all met for dep_context=non-requeueable deps ti=<TaskInstance: dbt_dag.run_gold manual__2026-03-19T15:38:06.513436+00:00 [queued]>
[2026-03-19T15:38:54.560+0000] {taskinstance.py:2076} INFO - Dependencies all met for dep_context=requeueable deps ti=<TaskInstance: dbt_dag.run_gold manual__2026-03-19T15:38:06.513436+00:00 [queued]>
[2026-03-19T15:38:54.562+0000] {taskinstance.py:2306} INFO - Starting attempt 1 of 1
[2026-03-19T15:38:54.586+0000] {taskinstance.py:2330} INFO - Executing <Task(_BashDecoratedOperator): run_gold> on 2026-03-19 15:38:06.513436+00:00
[2026-03-19T15:38:54.597+0000] {standard_task_runner.py:64} INFO - Started process 346 to run task
[2026-03-19T15:38:54.602+0000] {standard_task_runner.py:90} INFO - Running: ['***', 'tasks', 'run', 'dbt_dag', 'run_gold', 'manual__2026-03-19T15:38:06.513436+00:00', '--job-id', '28', '--raw', '--subdir', 'DAGS_FOLDER/dbt_dag.py', '--cfg-path', '/tmp/tmp7gjc14cj']
[2026-03-19T15:38:54.608+0000] {standard_task_runner.py:91} INFO - Job 28: Subtask run_gold
[2026-03-19T15:38:54.766+0000] {task_command.py:426} INFO - Running <TaskInstance: dbt_dag.run_gold manual__2026-03-19T15:38:06.513436+00:00 [running]> on host 5d6273ff579a
[2026-03-19T15:38:54.947+0000] {taskinstance.py:2648} INFO - Exporting env vars: AIRFLOW_CTX_DAG_OWNER='***' AIRFLOW_CTX_DAG_ID='dbt_dag' AIRFLOW_CTX_TASK_ID='run_gold' AIRFLOW_CTX_EXECUTION_DATE='2026-03-19T15:38:06.513436+00:00' AIRFLOW_CTX_TRY_NUMBER='1' AIRFLOW_CTX_DAG_RUN_ID='manual__2026-03-19T15:38:06.513436+00:00'
[2026-03-19T15:38:54.950+0000] {taskinstance.py:430} INFO - ::endgroup::
[2026-03-19T15:38:55.005+0000] {subprocess.py:63} INFO - Tmp dir root location: /tmp
[2026-03-19T15:38:55.010+0000] {subprocess.py:75} INFO - Running command: ['/usr/bin/bash', '-c', '\n        cd /opt/***/dbt/dbt_stocks && \n        dbt run --select path:models/gold\n        ']
[2026-03-19T15:38:55.030+0000] {subprocess.py:86} INFO - Output:
[2026-03-19T15:38:59.743+0000] {subprocess.py:93} INFO - [0m15:38:59  Running with dbt=1.11.7
[2026-03-19T15:39:01.406+0000] {subprocess.py:93} INFO - [0m15:39:01  [[33mWARNING[0m][MissingPlusPrefixDeprecation]: Deprecated functionality
[2026-03-19T15:39:01.408+0000] {subprocess.py:93} INFO - Missing '+' prefix on `schema` found at `dbt_stocks.gold.schema` in file
[2026-03-19T15:39:01.409+0000] {subprocess.py:93} INFO - `/opt/***/dbt/dbt_stocks/dbt_project.yml`. Hierarchical config values
[2026-03-19T15:39:01.410+0000] {subprocess.py:93} INFO - without a '+' prefix are deprecated in dbt_project.yml.
[2026-03-19T15:39:01.834+0000] {subprocess.py:93} INFO - [0m15:39:01  Registered adapter: snowflake=1.11.3
[2026-03-19T15:39:03.028+0000] {subprocess.py:93} INFO - [0m15:39:03  Found 5 models, 1 source, 523 macros
[2026-03-19T15:39:03.044+0000] {subprocess.py:93} INFO - [0m15:39:03
[2026-03-19T15:39:03.046+0000] {subprocess.py:93} INFO - [0m15:39:03  Concurrency: 1 threads (target='dev')
[2026-03-19T15:39:03.048+0000] {subprocess.py:93} INFO - [0m15:39:03
[2026-03-19T15:39:05.001+0000] {subprocess.py:93} INFO - [0m15:39:05  1 of 3 START sql view model gold.gold_candlestick .............................. [RUN]
[2026-03-19T15:39:05.603+0000] {subprocess.py:93} INFO - [0m15:39:05  1 of 3 OK created sql view model gold.gold_candlestick ......................... [[32mSUCCESS 1[0m in 0.59s]
[2026-03-19T15:39:05.611+0000] {subprocess.py:93} INFO - [0m15:39:05  2 of 3 START sql view model gold.gold_kpi ...................................... [RUN]
[2026-03-19T15:39:05.927+0000] {subprocess.py:93} INFO - [0m15:39:05  2 of 3 OK created sql view model gold.gold_kpi ................................. [[32mSUCCESS 1[0m in 0.31s]
[2026-03-19T15:39:05.934+0000] {subprocess.py:93} INFO - [0m15:39:05  3 of 3 START sql view model gold.gold_treechart ................................ [RUN]
[2026-03-19T15:39:06.243+0000] {subprocess.py:93} INFO - [0m15:39:06  3 of 3 OK created sql view model gold.gold_treechart ........................... [[32mSUCCESS 1[0m in 0.30s]
[2026-03-19T15:39:06.329+0000] {subprocess.py:93} INFO - [0m15:39:06
[2026-03-19T15:39:06.332+0000] {subprocess.py:93} INFO - [0m15:39:06  Finished running 3 view models in 0 hours 0 minutes and 3.28 seconds (3.28s).
[2026-03-19T15:39:06.448+0000] {subprocess.py:93} INFO - [0m15:39:06
[2026-03-19T15:39:06.450+0000] {subprocess.py:93} INFO - [0m15:39:06  [32mCompleted successfully[0m
[2026-03-19T15:39:06.452+0000] {subprocess.py:93} INFO - [0m15:39:06
[2026-03-19T15:39:06.454+0000] {subprocess.py:93} INFO - [0m15:39:06  Done. PASS=3 WARN=0 ERROR=0 SKIP=0 NO-OP=0 TOTAL=3
[2026-03-19T15:39:06.457+0000] {subprocess.py:93} INFO - [0m15:39:06  [[33mWARNING[0m][DeprecationsSummary]: Deprecated functionality
[2026-03-19T15:39:06.457+0000] {subprocess.py:93} INFO - Summary of encountered deprecations:
[2026-03-19T15:39:06.458+0000] {subprocess.py:93} INFO - - MissingPlusPrefixDeprecation: 3 occurrences
[2026-03-19T15:39:06.459+0000] {subprocess.py:93} INFO - To see all deprecation instances instead of just the first occurrence of each,
[2026-03-19T15:39:06.459+0000] {subprocess.py:93} INFO - run command again with the `--show-all-deprecations` flag. You may also need to
[2026-03-19T15:39:06.460+0000] {subprocess.py:93} INFO - run with `--no-partial-parse` as some deprecations are only encountered during
[2026-03-19T15:39:06.461+0000] {subprocess.py:93} INFO - parsing.
[2026-03-19T15:39:06.716+0000] {subprocess.py:97} INFO - Command exited with return code 0
[2026-03-19T15:39:06.718+0000] {taskinstance.py:441} INFO - ::group::Post task execution logs
[2026-03-19T15:39:06.775+0000] {taskinstance.py:1206} INFO - Marking task as SUCCESS. dag_id=dbt_dag, task_id=run_gold, run_id=manual__2026-03-19T15:38:06.513436+00:00, execution_date=20260319T153806, start_date=20260319T153854, end_date=20260319T153906
[2026-03-19T15:39:06.820+0000] {local_task_job_runner.py:243} INFO - Task exited with return code 0
[2026-03-19T15:39:06.853+0000] {taskinstance.py:3503} INFO - 0 downstream tasks scheduled from follow-on schedule check
[2026-03-19T15:39:06.856+0000] {local_task_job_runner.py:222} INFO - ::endgroup::
