[2026-03-19T13:47:02.970+0000] {local_task_job_runner.py:120} INFO - ::group::Pre task execution logs
[2026-03-19T13:47:03.038+0000] {taskinstance.py:2076} INFO - Dependencies all met for dep_context=non-requeueable deps ti=<TaskInstance: dbt_dag.run_bronze manual__2026-03-19T13:46:56.256881+00:00 [queued]>
[2026-03-19T13:47:03.055+0000] {taskinstance.py:2076} INFO - Dependencies all met for dep_context=requeueable deps ti=<TaskInstance: dbt_dag.run_bronze manual__2026-03-19T13:46:56.256881+00:00 [queued]>
[2026-03-19T13:47:03.056+0000] {taskinstance.py:2306} INFO - Starting attempt 1 of 1
[2026-03-19T13:47:03.077+0000] {taskinstance.py:2330} INFO - Executing <Task(_BashDecoratedOperator): run_bronze> on 2026-03-19 13:46:56.256881+00:00
[2026-03-19T13:47:03.091+0000] {standard_task_runner.py:64} INFO - Started process 66 to run task
[2026-03-19T13:47:03.097+0000] {standard_task_runner.py:90} INFO - Running: ['***', 'tasks', 'run', 'dbt_dag', 'run_bronze', 'manual__2026-03-19T13:46:56.256881+00:00', '--job-id', '21', '--raw', '--subdir', 'DAGS_FOLDER/dbt_dag.py', '--cfg-path', '/tmp/tmpuh8m9gtd']
[2026-03-19T13:47:03.102+0000] {standard_task_runner.py:91} INFO - Job 21: Subtask run_bronze
[2026-03-19T13:47:03.256+0000] {task_command.py:426} INFO - Running <TaskInstance: dbt_dag.run_bronze manual__2026-03-19T13:46:56.256881+00:00 [running]> on host ae030a039763
[2026-03-19T13:47:03.426+0000] {taskinstance.py:2648} INFO - Exporting env vars: AIRFLOW_CTX_DAG_OWNER='***' AIRFLOW_CTX_DAG_ID='dbt_dag' AIRFLOW_CTX_TASK_ID='run_bronze' AIRFLOW_CTX_EXECUTION_DATE='2026-03-19T13:46:56.256881+00:00' AIRFLOW_CTX_TRY_NUMBER='1' AIRFLOW_CTX_DAG_RUN_ID='manual__2026-03-19T13:46:56.256881+00:00'
[2026-03-19T13:47:03.428+0000] {taskinstance.py:430} INFO - ::endgroup::
[2026-03-19T13:47:03.482+0000] {subprocess.py:63} INFO - Tmp dir root location: /tmp
[2026-03-19T13:47:03.485+0000] {subprocess.py:75} INFO - Running command: ['/usr/bin/bash', '-c', '\n        cd /opt/***/dbt/dbt_stocks && \n        dbt run --select bronze_stg_stock_quotes\n        ']
[2026-03-19T13:47:03.506+0000] {subprocess.py:86} INFO - Output:
[2026-03-19T13:47:03.519+0000] {subprocess.py:93} INFO - /usr/bin/bash: line 3: dbt: command not found
[2026-03-19T13:47:03.521+0000] {subprocess.py:97} INFO - Command exited with return code 127
[2026-03-19T13:47:03.522+0000] {taskinstance.py:441} INFO - ::group::Post task execution logs
[2026-03-19T13:47:03.550+0000] {taskinstance.py:2905} ERROR - Task failed with exception
Traceback (most recent call last):
  File "/home/airflow/.local/lib/python3.12/site-packages/airflow/models/taskinstance.py", line 465, in _execute_task
    result = _execute_callable(context=context, **execute_callable_kwargs)
             ^^^^^^^^^^^^^^^^^^^^^^^^^^^^^^^^^^^^^^^^^^^^^^^^^^^^^^^^^^^^^
  File "/home/airflow/.local/lib/python3.12/site-packages/airflow/models/taskinstance.py", line 432, in _execute_callable
    return execute_callable(context=context, **execute_callable_kwargs)
           ^^^^^^^^^^^^^^^^^^^^^^^^^^^^^^^^^^^^^^^^^^^^^^^^^^^^^^^^^^^^
  File "/home/airflow/.local/lib/python3.12/site-packages/airflow/models/baseoperator.py", line 401, in wrapper
    return func(self, *args, **kwargs)
           ^^^^^^^^^^^^^^^^^^^^^^^^^^^
  File "/home/airflow/.local/lib/python3.12/site-packages/airflow/decorators/bash.py", line 81, in execute
    return super().execute(context)
           ^^^^^^^^^^^^^^^^^^^^^^^^
  File "/home/airflow/.local/lib/python3.12/site-packages/airflow/models/baseoperator.py", line 401, in wrapper
    return func(self, *args, **kwargs)
           ^^^^^^^^^^^^^^^^^^^^^^^^^^^
  File "/home/airflow/.local/lib/python3.12/site-packages/airflow/decorators/base.py", line 265, in execute
    return_value = super().execute(context)
                   ^^^^^^^^^^^^^^^^^^^^^^^^
  File "/home/airflow/.local/lib/python3.12/site-packages/airflow/models/baseoperator.py", line 401, in wrapper
    return func(self, *args, **kwargs)
           ^^^^^^^^^^^^^^^^^^^^^^^^^^^
  File "/home/airflow/.local/lib/python3.12/site-packages/airflow/operators/bash.py", line 243, in execute
    raise AirflowException(
airflow.exceptions.AirflowException: Bash command failed. The command returned a non-zero exit code 127.
[2026-03-19T13:47:03.559+0000] {taskinstance.py:1206} INFO - Marking task as FAILED. dag_id=dbt_dag, task_id=run_bronze, run_id=manual__2026-03-19T13:46:56.256881+00:00, execution_date=20260319T134656, start_date=20260319T134703, end_date=20260319T134703
[2026-03-19T13:47:03.890+0000] {standard_task_runner.py:110} ERROR - Failed to execute job 21 for task run_bronze (Bash command failed. The command returned a non-zero exit code 127.; 66)
[2026-03-19T13:47:03.931+0000] {local_task_job_runner.py:243} INFO - Task exited with return code 1
[2026-03-19T13:47:03.981+0000] {taskinstance.py:3503} INFO - 0 downstream tasks scheduled from follow-on schedule check
[2026-03-19T13:47:03.988+0000] {local_task_job_runner.py:222} INFO - ::endgroup::
