[0m15:24:13.117453 [debug] [MainThread]: Sending event: {'category': 'dbt', 'action': 'invocation', 'label': 'start', 'context': [<snowplow_tracker.self_describing_json.SelfDescribingJson object at 0x79f40d37f710>, <snowplow_tracker.self_describing_json.SelfDescribingJson object at 0x79f40b030fe0>, <snowplow_tracker.self_describing_json.SelfDescribingJson object at 0x79f40babc5f0>]}


============================== 15:24:13.134532 | fc4a989d-3a85-42e2-8570-a90bc7a6f38d ==============================
[0m15:24:13.134532 [info ] [MainThread]: Running with dbt=1.11.7
[0m15:24:13.137715 [debug] [MainThread]: running dbt with arguments {'cache_selected_only': 'False', 'indirect_selection': 'eager', 'version_check': 'True', 'no_print': 'None', 'send_anonymous_usage_stats': 'True', 'invocation_command': 'dbt debug', 'partial_parse': 'True', 'fail_fast': 'False', 'empty': 'None', 'static_parser': 'True', 'warn_error_options': 'WarnErrorOptionsV2(error=[], warn=[], silence=[])', 'profiles_dir': '/home/airflow/.dbt', 'printer_width': '80', 'log_path': 'logs', 'use_experimental_parser': 'False', 'debug': 'False', 'quiet': 'False', 'use_colors': 'True', 'log_format': 'default', 'introspect': 'True', 'log_cache_events': 'False', 'write_json': 'True', 'warn_error': 'None', 'target_path': 'None'}
[0m15:24:13.213552 [info ] [MainThread]: dbt version: 1.11.7
[0m15:24:13.216586 [info ] [MainThread]: python version: 3.12.4
[0m15:24:13.218990 [info ] [MainThread]: python path: /home/airflow/.local/bin/python
[0m15:24:13.221065 [info ] [MainThread]: os info: Linux-6.6.87.2-microsoft-standard-WSL2-x86_64-with-glibc2.36
[0m15:24:13.223835 [info ] [MainThread]: Using profiles dir at /home/airflow/.dbt
[0m15:24:13.225936 [info ] [MainThread]: Using profiles.yml file at /home/airflow/.dbt/profiles.yml
[0m15:24:13.228159 [info ] [MainThread]: Using dbt_project.yml file at /opt/airflow/dbt_project.yml
[0m15:24:13.230340 [info ] [MainThread]: Configuration:
[0m15:24:13.232650 [info ] [MainThread]:   profiles.yml file [[31mERROR not found[0m]
[0m15:24:13.234969 [info ] [MainThread]:   dbt_project.yml file [[31mERROR not found[0m]
[0m15:24:13.237549 [info ] [MainThread]: Required dependencies:
[0m15:24:13.240427 [debug] [MainThread]: Executing "git --help"
[0m15:24:13.245708 [info ] [MainThread]:  - git [[31mERROR[0m]

[0m15:24:13.248633 [info ] [MainThread]: Connection test skipped since no profile was found
[0m15:24:13.251121 [info ] [MainThread]: [31m3 checks failed:[0m
[0m15:24:13.253608 [info ] [MainThread]: dbt looked for a profiles.yml file in /home/airflow/.dbt/profiles.yml, but did
not find one. For more information on configuring your profile, consult the
documentation:

https://docs.getdbt.com/docs/configure-your-profile


[0m15:24:13.255949 [info ] [MainThread]: Project loading failed for the following reason:
 project path </opt/airflow/dbt_project.yml> not found

[0m15:24:13.258794 [info ] [MainThread]: Error from git --help: User does not have permissions for this command: "git"

[0m15:24:13.263298 [debug] [MainThread]: Resource report: {"command_name": "debug", "command_success": false, "command_wall_clock_time": 0.2699649, "process_in_blocks": "16", "process_kernel_time": 0.758669, "process_mem_max_rss": "106616", "process_out_blocks": "1960", "process_user_time": 4.613947}
[0m15:24:13.266208 [debug] [MainThread]: Command `dbt debug` failed at 15:24:13.265909 after 0.27 seconds
[0m15:24:13.268395 [debug] [MainThread]: Sending event: {'category': 'dbt', 'action': 'invocation', 'label': 'end', 'context': [<snowplow_tracker.self_describing_json.SelfDescribingJson object at 0x79f40b239670>, <snowplow_tracker.self_describing_json.SelfDescribingJson object at 0x79f40ea3efc0>, <snowplow_tracker.self_describing_json.SelfDescribingJson object at 0x79f40ea3eff0>]}
[0m15:24:13.270511 [debug] [MainThread]: Flushing usage events
[0m15:24:13.903020 [debug] [MainThread]: An error was encountered while trying to flush usage events
