[2026-03-19T13:55:42.791+0000] {local_task_job_runner.py:120} INFO - ::group::Pre task execution logs
[2026-03-19T13:55:42.855+0000] {taskinstance.py:2076} INFO - Dependencies all met for dep_context=non-requeueable deps ti=<TaskInstance: dbt_dag.run_bronze manual__2026-03-19T13:55:36.871671+00:00 [queued]>
[2026-03-19T13:55:42.870+0000] {taskinstance.py:2076} INFO - Dependencies all met for dep_context=requeueable deps ti=<TaskInstance: dbt_dag.run_bronze manual__2026-03-19T13:55:36.871671+00:00 [queued]>
[2026-03-19T13:55:42.871+0000] {taskinstance.py:2306} INFO - Starting attempt 1 of 1
[2026-03-19T13:55:42.894+0000] {taskinstance.py:2330} INFO - Executing <Task(_BashDecoratedOperator): run_bronze> on 2026-03-19 13:55:36.871671+00:00
[2026-03-19T13:55:42.905+0000] {standard_task_runner.py:64} INFO - Started process 214 to run task
[2026-03-19T13:55:42.909+0000] {standard_task_runner.py:90} INFO - Running: ['***', 'tasks', 'run', 'dbt_dag', 'run_bronze', 'manual__2026-03-19T13:55:36.871671+00:00', '--job-id', '22', '--raw', '--subdir', 'DAGS_FOLDER/dbt_dag.py', '--cfg-path', '/tmp/tmpq3l_ih35']
[2026-03-19T13:55:42.915+0000] {standard_task_runner.py:91} INFO - Job 22: Subtask run_bronze
[2026-03-19T13:55:43.073+0000] {task_command.py:426} INFO - Running <TaskInstance: dbt_dag.run_bronze manual__2026-03-19T13:55:36.871671+00:00 [running]> on host ae030a039763
[2026-03-19T13:55:43.251+0000] {taskinstance.py:2648} INFO - Exporting env vars: AIRFLOW_CTX_DAG_OWNER='***' AIRFLOW_CTX_DAG_ID='dbt_dag' AIRFLOW_CTX_TASK_ID='run_bronze' AIRFLOW_CTX_EXECUTION_DATE='2026-03-19T13:55:36.871671+00:00' AIRFLOW_CTX_TRY_NUMBER='1' AIRFLOW_CTX_DAG_RUN_ID='manual__2026-03-19T13:55:36.871671+00:00'
[2026-03-19T13:55:43.254+0000] {taskinstance.py:430} INFO - ::endgroup::
[2026-03-19T13:55:43.315+0000] {subprocess.py:63} INFO - Tmp dir root location: /tmp
[2026-03-19T13:55:43.318+0000] {subprocess.py:75} INFO - Running command: ['/usr/bin/bash', '-c', '\n        cd /opt/***/dbt/dbt_stocks && \n        dbt run --select bronze_stg_stock_quotes\n        ']
[2026-03-19T13:55:43.339+0000] {subprocess.py:86} INFO - Output:
[2026-03-19T13:55:48.040+0000] {subprocess.py:93} INFO - Usage: dbt run [OPTIONS]
[2026-03-19T13:55:48.041+0000] {subprocess.py:93} INFO - Try 'dbt run -h' for help.
[2026-03-19T13:55:48.042+0000] {subprocess.py:93} INFO - 
[2026-03-19T13:55:48.043+0000] {subprocess.py:93} INFO - Error: Invalid value for '--profiles-dir': Path '/home/***/.dbt' does not exist.
[2026-03-19T13:55:48.465+0000] {subprocess.py:97} INFO - Command exited with return code 2
[2026-03-19T13:55:48.467+0000] {taskinstance.py:441} INFO - ::group::Post task execution logs
[2026-03-19T13:55:48.492+0000] {taskinstance.py:2905} ERROR - Task failed with exception
Traceback (most recent call last):
  File "/home/airflow/.local/lib/python3.12/site-packages/airflow/models/taskinstance.py", line 465, in _execute_task
    result = _execute_callable(context=context, **execute_callable_kwargs)
             ^^^^^^^^^^^^^^^^^^^^^^^^^^^^^^^^^^^^^^^^^^^^^^^^^^^^^^^^^^^^^
  File "/home/airflow/.local/lib/python3.12/site-packages/airflow/models/taskinstance.py", line 432, in _execute_callable
    return execute_callable(context=context, **execute_callable_kwargs)
           ^^^^^^^^^^^^^^^^^^^^^^^^^^^^^^^^^^^^^^^^^^^^^^^^^^^^^^^^^^^^
  File "/home/airflow/.local/lib/python3.12/site-packages/airflow/models/baseoperator.py", line 401, in wrapper
    return func(self, *args, **kwargs)
           ^^^^^^^^^^^^^^^^^^^^^^^^^^^
  File "/home/airflow/.local/lib/python3.12/site-packages/airflow/decorators/bash.py", line 81, in execute
    return super().execute(context)
           ^^^^^^^^^^^^^^^^^^^^^^^^
  File "/home/airflow/.local/lib/python3.12/site-packages/airflow/models/baseoperator.py", line 401, in wrapper
    return func(self, *args, **kwargs)
           ^^^^^^^^^^^^^^^^^^^^^^^^^^^
  File "/home/airflow/.local/lib/python3.12/site-packages/airflow/decorators/base.py", line 265, in execute
    return_value = super().execute(context)
                   ^^^^^^^^^^^^^^^^^^^^^^^^
  File "/home/airflow/.local/lib/python3.12/site-packages/airflow/models/baseoperator.py", line 401, in wrapper
    return func(self, *args, **kwargs)
           ^^^^^^^^^^^^^^^^^^^^^^^^^^^
  File "/home/airflow/.local/lib/python3.12/site-packages/airflow/operators/bash.py", line 243, in execute
    raise AirflowException(
airflow.exceptions.AirflowException: Bash command failed. The command returned a non-zero exit code 2.
[2026-03-19T13:55:48.502+0000] {taskinstance.py:1206} INFO - Marking task as FAILED. dag_id=dbt_dag, task_id=run_bronze, run_id=manual__2026-03-19T13:55:36.871671+00:00, execution_date=20260319T135536, start_date=20260319T135542, end_date=20260319T135548
[2026-03-19T13:55:48.532+0000] {standard_task_runner.py:110} ERROR - Failed to execute job 22 for task run_bronze (Bash command failed. The command returned a non-zero exit code 2.; 214)
[2026-03-19T13:55:48.558+0000] {local_task_job_runner.py:243} INFO - Task exited with return code 1
[2026-03-19T13:55:48.601+0000] {taskinstance.py:3503} INFO - 0 downstream tasks scheduled from follow-on schedule check
[2026-03-19T13:55:48.608+0000] {local_task_job_runner.py:222} INFO - ::endgroup::
