[2026-03-19T15:38:35.066+0000] {local_task_job_runner.py:120} INFO - ::group::Pre task execution logs
[2026-03-19T15:38:35.144+0000] {taskinstance.py:2076} INFO - Dependencies all met for dep_context=non-requeueable deps ti=<TaskInstance: dbt_dag.run_silver manual__2026-03-19T15:38:06.513436+00:00 [queued]>
[2026-03-19T15:38:35.163+0000] {taskinstance.py:2076} INFO - Dependencies all met for dep_context=requeueable deps ti=<TaskInstance: dbt_dag.run_silver manual__2026-03-19T15:38:06.513436+00:00 [queued]>
[2026-03-19T15:38:35.165+0000] {taskinstance.py:2306} INFO - Starting attempt 1 of 1
[2026-03-19T15:38:35.192+0000] {taskinstance.py:2330} INFO - Executing <Task(_BashDecoratedOperator): run_silver> on 2026-03-19 15:38:06.513436+00:00
[2026-03-19T15:38:35.205+0000] {standard_task_runner.py:64} INFO - Started process 300 to run task
[2026-03-19T15:38:35.213+0000] {standard_task_runner.py:90} INFO - Running: ['***', 'tasks', 'run', 'dbt_dag', 'run_silver', 'manual__2026-03-19T15:38:06.513436+00:00', '--job-id', '27', '--raw', '--subdir', 'DAGS_FOLDER/dbt_dag.py', '--cfg-path', '/tmp/tmp6gz8n512']
[2026-03-19T15:38:35.219+0000] {standard_task_runner.py:91} INFO - Job 27: Subtask run_silver
[2026-03-19T15:38:35.380+0000] {task_command.py:426} INFO - Running <TaskInstance: dbt_dag.run_silver manual__2026-03-19T15:38:06.513436+00:00 [running]> on host 5d6273ff579a
[2026-03-19T15:38:35.570+0000] {taskinstance.py:2648} INFO - Exporting env vars: AIRFLOW_CTX_DAG_OWNER='***' AIRFLOW_CTX_DAG_ID='dbt_dag' AIRFLOW_CTX_TASK_ID='run_silver' AIRFLOW_CTX_EXECUTION_DATE='2026-03-19T15:38:06.513436+00:00' AIRFLOW_CTX_TRY_NUMBER='1' AIRFLOW_CTX_DAG_RUN_ID='manual__2026-03-19T15:38:06.513436+00:00'
[2026-03-19T15:38:35.573+0000] {taskinstance.py:430} INFO - ::endgroup::
[2026-03-19T15:38:35.634+0000] {subprocess.py:63} INFO - Tmp dir root location: /tmp
[2026-03-19T15:38:35.637+0000] {subprocess.py:75} INFO - Running command: ['/usr/bin/bash', '-c', '\n        cd /opt/***/dbt/dbt_stocks && \n        dbt run --select path:models/silver\n        ']
[2026-03-19T15:38:35.660+0000] {subprocess.py:86} INFO - Output:
[2026-03-19T15:38:39.480+0000] {subprocess.py:93} INFO - [0m15:38:39  Running with dbt=1.11.7
[2026-03-19T15:38:41.100+0000] {subprocess.py:93} INFO - [0m15:38:41  [[33mWARNING[0m][MissingPlusPrefixDeprecation]: Deprecated functionality
[2026-03-19T15:38:41.101+0000] {subprocess.py:93} INFO - Missing '+' prefix on `schema` found at `dbt_stocks.bronze.schema` in file
[2026-03-19T15:38:41.101+0000] {subprocess.py:93} INFO - `/opt/***/dbt/dbt_stocks/dbt_project.yml`. Hierarchical config values
[2026-03-19T15:38:41.102+0000] {subprocess.py:93} INFO - without a '+' prefix are deprecated in dbt_project.yml.
[2026-03-19T15:38:41.576+0000] {subprocess.py:93} INFO - [0m15:38:41  Registered adapter: snowflake=1.11.3
[2026-03-19T15:38:42.819+0000] {subprocess.py:93} INFO - [0m15:38:42  Found 5 models, 1 source, 523 macros
[2026-03-19T15:38:42.840+0000] {subprocess.py:93} INFO - [0m15:38:42
[2026-03-19T15:38:42.842+0000] {subprocess.py:93} INFO - [0m15:38:42  Concurrency: 1 threads (target='dev')
[2026-03-19T15:38:42.845+0000] {subprocess.py:93} INFO - [0m15:38:42
[2026-03-19T15:38:44.801+0000] {subprocess.py:93} INFO - [0m15:38:44  1 of 1 START sql table model silver.silver_clean_stock_quotes .................. [RUN]
[2026-03-19T15:38:46.307+0000] {subprocess.py:93} INFO - [0m15:38:46  1 of 1 OK created sql table model silver.silver_clean_stock_quotes ............. [[32mSUCCESS 1000[0m in 1.50s]
[2026-03-19T15:38:46.403+0000] {subprocess.py:93} INFO - [0m15:38:46
[2026-03-19T15:38:46.405+0000] {subprocess.py:93} INFO - [0m15:38:46  Finished running 1 table model in 0 hours 0 minutes and 3.56 seconds (3.56s).
[2026-03-19T15:38:46.528+0000] {subprocess.py:93} INFO - [0m15:38:46
[2026-03-19T15:38:46.530+0000] {subprocess.py:93} INFO - [0m15:38:46  [32mCompleted successfully[0m
[2026-03-19T15:38:46.532+0000] {subprocess.py:93} INFO - [0m15:38:46
[2026-03-19T15:38:46.534+0000] {subprocess.py:93} INFO - [0m15:38:46  Done. PASS=1 WARN=0 ERROR=0 SKIP=0 NO-OP=0 TOTAL=1
[2026-03-19T15:38:46.537+0000] {subprocess.py:93} INFO - [0m15:38:46  [[33mWARNING[0m][DeprecationsSummary]: Deprecated functionality
[2026-03-19T15:38:46.538+0000] {subprocess.py:93} INFO - Summary of encountered deprecations:
[2026-03-19T15:38:46.539+0000] {subprocess.py:93} INFO - - MissingPlusPrefixDeprecation: 3 occurrences
[2026-03-19T15:38:46.540+0000] {subprocess.py:93} INFO - To see all deprecation instances instead of just the first occurrence of each,
[2026-03-19T15:38:46.541+0000] {subprocess.py:93} INFO - run command again with the `--show-all-deprecations` flag. You may also need to
[2026-03-19T15:38:46.542+0000] {subprocess.py:93} INFO - run with `--no-partial-parse` as some deprecations are only encountered during
[2026-03-19T15:38:46.542+0000] {subprocess.py:93} INFO - parsing.
[2026-03-19T15:38:47.804+0000] {subprocess.py:97} INFO - Command exited with return code 0
[2026-03-19T15:38:47.806+0000] {taskinstance.py:441} INFO - ::group::Post task execution logs
[2026-03-19T15:38:47.869+0000] {taskinstance.py:1206} INFO - Marking task as SUCCESS. dag_id=dbt_dag, task_id=run_silver, run_id=manual__2026-03-19T15:38:06.513436+00:00, execution_date=20260319T153806, start_date=20260319T153835, end_date=20260319T153847
[2026-03-19T15:38:47.917+0000] {local_task_job_runner.py:243} INFO - Task exited with return code 0
[2026-03-19T15:38:47.963+0000] {taskinstance.py:3503} INFO - 1 downstream tasks scheduled from follow-on schedule check
[2026-03-19T15:38:47.967+0000] {local_task_job_runner.py:222} INFO - ::endgroup::
